{"ts":1711417251745,"action":"PROJECT_OPENED","tags":{"PROJECT_NAME":"AndroidComposeLearn"}}
{"ts":1711417258078,"action":"IDE_DEACTIVATED"}
{"ts":1711417258085,"action":"IDE_ACTIVATED"}
{"ts":1711417263096,"action":"IDE_DEACTIVATED"}
{"ts":1711417554486,"action":"IDE_ACTIVATED"}
{"ts":1711417557452,"action":"IDE_DEACTIVATED"}
{"ts":1711417687730,"action":"IDE_ACTIVATED"}
{"ts":1711417691245,"action":"IDE_DEACTIVATED"}
{"ts":1711417708499,"action":"IDE_ACTIVATED"}
{"ts":1711417710706,"action":"IDE_DEACTIVATED"}
{"ts":1711417748694,"action":"IDE_ACTIVATED"}
{"ts":1711417795293,"action":"IDE_DEACTIVATED"}
{"ts":1711417817472,"action":"IDE_ACTIVATED"}
{"ts":1711417999770,"action":"IDE_DEACTIVATED"}
{"ts":1711418228107,"action":"IDE_ACTIVATED"}
{"ts":1711418326467,"action":"IDE_DEACTIVATED"}
{"ts":1711418327878,"action":"IDE_ACTIVATED"}
{"ts":1711418329762,"action":"IDE_DEACTIVATED"}
{"ts":1711418329897,"action":"IDE_ACTIVATED"}
{"ts":1711418359362,"action":"IDE_DEACTIVATED"}
{"ts":1711418398426,"action":"IDE_ACTIVATED"}
{"ts":1711418399151,"action":"IDE_DEACTIVATED"}
{"ts":1711418399232,"action":"IDE_ACTIVATED"}
{"ts":1711418404113,"action":"IDE_DEACTIVATED"}
{"ts":1711418404175,"action":"IDE_ACTIVATED"}
{"ts":1711418406541,"action":"IDE_DEACTIVATED"}
{"ts":1711419670878,"action":"IDE_ACTIVATED"}
{"ts":1711419672646,"action":"IDE_DEACTIVATED"}
{"ts":1711419696192,"action":"IDE_ACTIVATED"}
{"ts":1711420349526,"action":"IDE_DEACTIVATED"}
{"ts":1711420860371,"action":"IDE_ACTIVATED"}
{"ts":1711421010985,"action":"IDE_DEACTIVATED"}
{"ts":1711421055059,"action":"IDE_ACTIVATED"}
{"ts":1711421300801,"action":"IDE_DEACTIVATED"}
{"ts":1711421309698,"action":"IDE_ACTIVATED"}
{"ts":1711422345859,"action":"IDE_DEACTIVATED"}
{"ts":1711422349800,"action":"IDE_ACTIVATED"}
{"ts":1711422353315,"action":"IDE_DEACTIVATED"}
{"ts":1711422706086,"action":"IDE_ACTIVATED"}
{"ts":1711422708749,"action":"IDE_DEACTIVATED"}
{"ts":1711422712345,"action":"IDE_ACTIVATED"}
{"ts":1711422713426,"action":"IDE_DEACTIVATED"}
{"ts":1711423636874,"action":"IDE_ACTIVATED"}
{"ts":1711423645072,"action":"IDE_DEACTIVATED"}
{"ts":1711423647909,"action":"IDE_ACTIVATED"}
{"ts":1711423649744,"action":"IDE_DEACTIVATED"}
{"ts":1711423668181,"action":"IDE_ACTIVATED"}
{"ts":1711423839698,"action":"IDE_DEACTIVATED"}
{"ts":1711423919923,"action":"IDE_ACTIVATED"}
{"ts":1711424224339,"action":"IDE_DEACTIVATED"}
{"ts":1711424228551,"action":"IDE_ACTIVATED"}
{"ts":1711424236079,"action":"IDE_DEACTIVATED"}
{"ts":1711424238258,"action":"IDE_ACTIVATED"}
{"ts":1711424635225,"action":"IDE_DEACTIVATED"}
{"ts":1711424664958,"action":"IDE_ACTIVATED"}
{"ts":1711425029377,"action":"IDE_DEACTIVATED"}
{"ts":1711425647747,"action":"IDE_ACTIVATED"}
{"ts":1711425651538,"action":"IDE_DEACTIVATED"}
{"ts":1711431025457,"action":"IDE_ACTIVATED"}
{"ts":1711431027640,"action":"IDE_DEACTIVATED"}
{"ts":1711431493774,"action":"IDE_ACTIVATED"}
{"ts":1711431495913,"action":"IDE_DEACTIVATED"}
{"ts":1711431502278,"action":"IDE_ACTIVATED"}
{"ts":1711432115349,"action":"IDE_DEACTIVATED"}
{"ts":1711432172444,"action":"IDE_ACTIVATED"}
{"ts":1711432440491,"action":"IDE_DEACTIVATED"}
{"ts":1711432440609,"action":"IDE_ACTIVATED"}
{"ts":1711432441037,"action":"IDE_DEACTIVATED"}
{"ts":1711432735520,"action":"IDE_ACTIVATED"}
{"ts":1711432761253,"action":"IDE_DEACTIVATED"}
{"ts":1711432908674,"action":"IDE_ACTIVATED"}
{"ts":1711432935932,"action":"IDE_DEACTIVATED"}
{"ts":1711433587384,"action":"IDE_ACTIVATED"}
{"ts":1711433588740,"action":"IDE_DEACTIVATED"}
{"ts":1711433588849,"action":"IDE_ACTIVATED"}
{"ts":1711433592077,"action":"IDE_DEACTIVATED"}
{"ts":1711433599484,"action":"IDE_ACTIVATED"}
{"ts":1711433602570,"action":"IDE_DEACTIVATED"}
{"ts":1711434210741,"action":"IDE_ACTIVATED"}
{"ts":1711434212175,"action":"IDE_DEACTIVATED"}
{"ts":1711434407732,"action":"IDE_ACTIVATED"}
{"ts":1711434412469,"action":"IDE_DEACTIVATED"}
{"ts":1711434588851,"action":"IDE_ACTIVATED"}
{"ts":1711434595203,"action":"IDE_DEACTIVATED"}
{"ts":1711435056939,"action":"IDE_ACTIVATED"}
{"ts":1711435157371,"action":"IDE_DEACTIVATED"}
{"ts":1711435204252,"action":"IDE_ACTIVATED"}
{"ts":1711435403203,"action":"IDE_DEACTIVATED"}
{"ts":1711435476189,"action":"IDE_ACTIVATED"}
{"ts":1711435502517,"action":"IDE_DEACTIVATED"}
{"ts":1711435504111,"action":"IDE_ACTIVATED"}
{"ts":1711435507668,"action":"IDE_DEACTIVATED"}
{"ts":1711435510118,"action":"IDE_ACTIVATED"}
{"ts":1711435511702,"action":"IDE_DEACTIVATED"}
{"ts":1711435512825,"action":"IDE_ACTIVATED"}
{"ts":1711435521963,"action":"IDE_DEACTIVATED"}
{"ts":1711435523001,"action":"IDE_ACTIVATED"}
{"ts":1711435528417,"action":"IDE_DEACTIVATED"}
{"ts":1711435529919,"action":"IDE_ACTIVATED"}
{"ts":1711435530459,"action":"IDE_DEACTIVATED"}
{"ts":1711435532037,"action":"IDE_ACTIVATED"}
{"ts":1711435535142,"action":"IDE_DEACTIVATED"}
{"ts":1711435535977,"action":"IDE_ACTIVATED"}
{"ts":1711435543097,"action":"IDE_DEACTIVATED"}
{"ts":1711435543721,"action":"IDE_ACTIVATED"}
{"ts":1711435548532,"action":"IDE_DEACTIVATED"}
{"ts":1711435553314,"action":"IDE_ACTIVATED"}
{"ts":1711435568317,"action":"IDE_DEACTIVATED"}
{"ts":1711435639594,"action":"IDE_ACTIVATED"}
{"ts":1711435737487,"action":"IDE_DEACTIVATED"}
{"ts":1711435738855,"action":"IDE_ACTIVATED"}
{"ts":1711436145637,"action":"IDE_DEACTIVATED"}
{"ts":1711436172861,"action":"IDE_ACTIVATED"}
{"ts":1711436656950,"action":"IDE_DEACTIVATED"}
{"ts":1711436657781,"action":"IDE_ACTIVATED"}
{"ts":1711436665198,"action":"IDE_DEACTIVATED"}
{"ts":1711436674053,"action":"IDE_ACTIVATED"}
{"ts":1711436795955,"action":"IDE_DEACTIVATED"}
{"ts":1711436797505,"action":"IDE_ACTIVATED"}
{"ts":1711436868082,"action":"IDE_DEACTIVATED"}
{"ts":1711436896037,"action":"IDE_ACTIVATED"}
{"ts":1711436897789,"action":"IDE_DEACTIVATED"}
{"ts":1711436898690,"action":"IDE_ACTIVATED"}
{"ts":1711436899953,"action":"IDE_DEACTIVATED"}
{"ts":1711436912947,"action":"IDE_ACTIVATED"}
{"ts":1711436919352,"action":"IDE_DEACTIVATED"}
{"ts":1711438122289,"action":"IDE_ACTIVATED"}
{"ts":1711438122479,"action":"IDE_DEACTIVATED"}
{"ts":1711438484280,"action":"IDE_ACTIVATED"}
{"ts":1711438550244,"action":"IDE_DEACTIVATED"}
{"ts":1711438579435,"action":"IDE_ACTIVATED"}
{"ts":1711438586169,"action":"IDE_DEACTIVATED"}
{"ts":1711438587125,"action":"IDE_ACTIVATED"}
{"ts":1711438587663,"action":"IDE_DEACTIVATED"}
{"ts":1711438588256,"action":"IDE_ACTIVATED"}
{"ts":1711438588591,"action":"IDE_DEACTIVATED"}
{"ts":1711438614534,"action":"IDE_ACTIVATED"}
{"ts":1711438669519,"action":"IDE_DEACTIVATED"}
{"ts":1711438677072,"action":"IDE_ACTIVATED"}
{"ts":1711438684136,"action":"IDE_DEACTIVATED"}
{"ts":1711438851378,"action":"IDE_ACTIVATED"}
{"ts":1711438852327,"action":"IDE_DEACTIVATED"}
{"ts":1711438852424,"action":"IDE_ACTIVATED"}
{"ts":1711438852963,"action":"IDE_DEACTIVATED"}
{"ts":1711438853049,"action":"IDE_ACTIVATED"}
{"ts":1711438855234,"action":"PROJECT_CLOSED","tags":{"PROJECT_NAME":"AndroidComposeLearn"}}
{"ts":1711506119272,"action":"FILE_OPENED","file":"/app/src/main/java/com/crow/learn/compose/MainActivity.kt","tags":{"FILE_LINE_OF_CODE":"47"}}
{"ts":1711506119104,"action":"PROJECT_OPENED","tags":{"PROJECT_NAME":"AndroidComposeLearn"}}
{"ts":1711506126395,"action":"IDE_DEACTIVATED"}
{"ts":1711506127049,"action":"IDE_ACTIVATED"}
{"ts":1711506129040,"action":"IDE_DEACTIVATED"}
{"ts":1711506133541,"action":"IDE_ACTIVATED"}
{"ts":1711506134222,"action":"FILE_CLOSED","file":"/app/src/main/java/com/crow/learn/compose/MainActivity.kt","tags":{"FILE_LINE_OF_CODE":"47"}}
{"ts":1711506134222,"action":"FILE_OPENED","file":"/app/build.gradle.kts","tags":{"FILE_LINE_OF_CODE":"69"}}
{"ts":1711506136840,"action":"IDE_DEACTIVATED"}
{"ts":1711506155706,"action":"IDE_ACTIVATED"}
{"ts":1711506162443,"action":"IDE_DEACTIVATED"}
{"ts":1711506296158,"action":"IDE_ACTIVATED"}
{"ts":1711506302950,"action":"IDE_DEACTIVATED"}
{"ts":1711506398516,"action":"IDE_ACTIVATED"}
{"ts":1711506434617,"action":"IDE_DEACTIVATED"}
{"ts":1711506434636,"action":"IDE_ACTIVATED"}
{"ts":1711506438552,"action":"IDE_DEACTIVATED"}
{"ts":1711506438608,"action":"IDE_ACTIVATED"}
{"ts":1711506444753,"action":"IDE_DEACTIVATED"}
{"ts":1711506444833,"action":"IDE_ACTIVATED"}
{"ts":1711506446754,"action":"IDE_DEACTIVATED"}
{"ts":1711506446817,"action":"IDE_ACTIVATED"}
{"ts":1711506447615,"action":"IDE_DEACTIVATED"}
{"ts":1711506447733,"action":"IDE_ACTIVATED"}
{"ts":1711506458330,"action":"IDE_DEACTIVATED"}
{"ts":1711506458386,"action":"IDE_ACTIVATED"}
{"ts":1711506460194,"action":"FILE_CLOSED","file":"/app/build.gradle.kts","tags":{"FILE_LINE_OF_CODE":"69"}}
{"ts":1711506460194,"action":"FILE_OPENED","file":"/settings.gradle.kts","tags":{"FILE_LINE_OF_CODE":"24"}}
{"ts":1711506461544,"action":"IDE_DEACTIVATED"}
{"ts":1711506461612,"action":"IDE_ACTIVATED"}
{"ts":1711506462263,"action":"IDE_DEACTIVATED"}
{"ts":1711506462335,"action":"IDE_ACTIVATED"}
{"ts":1711506465899,"action":"IDE_DEACTIVATED"}
{"ts":1711506465952,"action":"IDE_ACTIVATED"}
{"ts":1711506467936,"action":"IDE_DEACTIVATED"}
{"ts":1711506468022,"action":"IDE_ACTIVATED"}
{"ts":1711506469578,"action":"IDE_DEACTIVATED"}
{"ts":1711506469676,"action":"IDE_ACTIVATED"}
{"ts":1711506470909,"action":"IDE_DEACTIVATED"}
{"ts":1711506471060,"action":"IDE_ACTIVATED"}
{"ts":1711506472194,"action":"FILE_CLOSED","file":"/settings.gradle.kts","tags":{"FILE_LINE_OF_CODE":"28"}}
{"ts":1711506472194,"action":"FILE_OPENED","file":"/app/build.gradle.kts","tags":{"FILE_LINE_OF_CODE":"69"}}
{"ts":1711506474334,"action":"FILE_CLOSED","file":"/app/build.gradle.kts","tags":{"FILE_LINE_OF_CODE":"69"}}
{"ts":1711506474334,"action":"FILE_OPENED","file":"/app/src/main/java/com/crow/learn/compose/MainActivity.kt","tags":{"FILE_LINE_OF_CODE":"47"}}
{"ts":1711506475057,"action":"FILE_CLOSED","file":"/app/src/main/java/com/crow/learn/compose/MainActivity.kt","tags":{"FILE_LINE_OF_CODE":"47"}}
{"ts":1711506475057,"action":"FILE_OPENED","file":"/app/build.gradle.kts","tags":{"FILE_LINE_OF_CODE":"69"}}
{"ts":1711506477743,"action":"IDE_DEACTIVATED"}
{"ts":1711506477827,"action":"IDE_ACTIVATED"}
{"ts":1711506482175,"action":"IDE_DEACTIVATED"}
{"ts":1711506482914,"action":"IDE_ACTIVATED"}
{"ts":1711506484057,"action":"IDE_DEACTIVATED"}
{"ts":1711506484163,"action":"IDE_ACTIVATED"}
{"ts":1711506484743,"action":"IDE_DEACTIVATED"}
{"ts":1711506488969,"action":"IDE_ACTIVATED"}
{"ts":1711506507857,"action":"IDE_DEACTIVATED"}
{"ts":1711507117478,"action":"IDE_ACTIVATED"}
{"ts":1711507124589,"action":"IDE_DEACTIVATED"}
{"ts":1711507277943,"action":"IDE_ACTIVATED"}
{"ts":1711507281597,"action":"IDE_DEACTIVATED"}
{"ts":1711507289714,"action":"IDE_ACTIVATED"}
{"ts":1711507319365,"action":"FILE_CLOSED","file":"/app/build.gradle.kts","tags":{"FILE_LINE_OF_CODE":"71"}}
{"ts":1711507319365,"action":"FILE_OPENED","file":"/gradle/app.versions.toml","tags":{"FILE_LINE_OF_CODE":"262"}}
{"ts":1711507324201,"action":"FILE_CLOSED","file":"/gradle/app.versions.toml","tags":{"FILE_LINE_OF_CODE":"262"}}
{"ts":1711507324201,"action":"FILE_OPENED","file":"/app/build.gradle.kts","tags":{"FILE_LINE_OF_CODE":"71"}}
{"ts":1711507324736,"action":"FILE_CLOSED","file":"/app/build.gradle.kts","tags":{"FILE_LINE_OF_CODE":"71"}}
{"ts":1711507324737,"action":"FILE_OPENED","file":"/app/src/main/java/com/crow/learn/compose/MainActivity.kt","tags":{"FILE_LINE_OF_CODE":"47"}}
{"ts":1711507333380,"action":"IDE_DEACTIVATED"}
{"ts":1711507370833,"action":"IDE_ACTIVATED"}
{"ts":1711507381170,"action":"FILE_CLOSED","file":"/app/src/main/java/com/crow/learn/compose/MainActivity.kt","tags":{"FILE_LINE_OF_CODE":"47"}}
{"ts":1711507381170,"action":"FILE_OPENED","file":"/app/src/main/java/com/crow/learn/compose/ui/theme/Color.kt","tags":{"FILE_LINE_OF_CODE":"11"}}
{"ts":1711507383317,"action":"FILE_CLOSED","file":"/app/src/main/java/com/crow/learn/compose/ui/theme/Color.kt","tags":{"FILE_LINE_OF_CODE":"11"}}
{"ts":1711507383317,"action":"FILE_OPENED","file":"/app/src/main/java/com/crow/learn/compose/ui/theme/Theme.kt","tags":{"FILE_LINE_OF_CODE":"58"}}
{"ts":1711507385939,"action":"FILE_CLOSED","file":"/app/src/main/java/com/crow/learn/compose/ui/theme/Theme.kt","tags":{"FILE_LINE_OF_CODE":"58"}}
{"ts":1711507385939,"action":"FILE_OPENED","file":"/app/src/main/java/com/crow/learn/compose/ui/theme/Type.kt","tags":{"FILE_LINE_OF_CODE":"34"}}
{"ts":1711507388642,"action":"IDE_DEACTIVATED"}
{"ts":1711507403887,"action":"IDE_ACTIVATED"}
{"ts":1711507413707,"action":"IDE_DEACTIVATED"}
{"ts":1711507772665,"action":"IDE_ACTIVATED"}
{"ts":1711507777696,"action":"FILE_CLOSED","file":"/app/src/main/java/com/crow/learn/compose/ui/theme/Type.kt","tags":{"FILE_LINE_OF_CODE":"34"}}
{"ts":1711507777696,"action":"FILE_OPENED","file":"/app/src/main/java/com/crow/learn/compose/MainActivity.kt","tags":{"FILE_LINE_OF_CODE":"47"}}
{"ts":1711507805867,"action":"IDE_DEACTIVATED"}
{"ts":1711507807111,"action":"IDE_ACTIVATED"}
{"ts":1711507811532,"action":"IDE_DEACTIVATED"}
{"ts":1711507814249,"action":"IDE_ACTIVATED"}
{"ts":1711507814873,"action":"IDE_DEACTIVATED"}
{"ts":1711507815786,"action":"IDE_ACTIVATED"}
{"ts":1711507816889,"action":"IDE_DEACTIVATED"}
{"ts":1711507820807,"action":"IDE_ACTIVATED"}
{"ts":1711507821259,"action":"IDE_DEACTIVATED"}
{"ts":1711508037300,"action":"IDE_ACTIVATED"}
{"ts":1711508040096,"action":"IDE_DEACTIVATED"}
{"ts":1711508046820,"action":"IDE_ACTIVATED"}
{"ts":1711508073153,"action":"FILE_CLOSED","file":"/app/src/main/java/com/crow/learn/compose/MainActivity.kt","tags":{"FILE_LINE_OF_CODE":"49"}}
{"ts":1711508076907,"action":"FILE_OPENED","file":"/app/src/main/java/com/crow/learn/compose/MainActivity.kt","tags":{"FILE_LINE_OF_CODE":"49"}}
{"ts":1711508097343,"action":"FILE_CLOSED","file":"/app/src/main/java/com/crow/learn/compose/MainActivity.kt","tags":{"FILE_LINE_OF_CODE":"49"}}
{"ts":1711508097343,"action":"FILE_OPENED","file":"/app/src/main/res/values/themes.xml","tags":{"FILE_LINE_OF_CODE":"5"}}
{"ts":1711508106034,"action":"IDE_DEACTIVATED"}
{"ts":1711508106402,"action":"IDE_ACTIVATED"}
{"ts":1711508133763,"action":"IDE_DEACTIVATED"}
{"ts":1711508138867,"action":"IDE_ACTIVATED"}
{"ts":1711508139475,"action":"IDE_DEACTIVATED"}
{"ts":1711508178438,"action":"IDE_ACTIVATED"}
{"ts":1711508236170,"action":"IDE_DEACTIVATED"}
{"ts":1711508240009,"action":"IDE_ACTIVATED"}
{"ts":1711508258595,"action":"IDE_DEACTIVATED"}
{"ts":1711508277104,"action":"IDE_ACTIVATED"}
{"ts":1711508299844,"action":"IDE_DEACTIVATED"}
{"ts":1711508300460,"action":"IDE_ACTIVATED"}
{"ts":1711508311135,"action":"IDE_DEACTIVATED"}
{"ts":1711508331130,"action":"IDE_ACTIVATED"}
{"ts":1711508332508,"action":"IDE_DEACTIVATED"}
{"ts":1711508339506,"action":"IDE_ACTIVATED"}
{"ts":1711508359224,"action":"IDE_DEACTIVATED"}
{"ts":1711508360742,"action":"IDE_ACTIVATED"}
{"ts":1711508361290,"action":"IDE_DEACTIVATED"}
{"ts":1711508362640,"action":"IDE_ACTIVATED"}
{"ts":1711508370402,"action":"IDE_DEACTIVATED"}
{"ts":1711508417353,"action":"IDE_ACTIVATED"}
{"ts":1711508418466,"action":"FILE_CLOSED","file":"/app/src/main/res/values/themes.xml","tags":{"FILE_LINE_OF_CODE":"13"}}
{"ts":1711508418466,"action":"FILE_OPENED","file":"/app/src/main/java/com/crow/learn/compose/MainActivity.kt","tags":{"FILE_LINE_OF_CODE":"49"}}
{"ts":1711508418980,"action":"IDE_DEACTIVATED"}
{"ts":1711508420359,"action":"IDE_ACTIVATED"}
{"ts":1711508420666,"action":"IDE_DEACTIVATED"}
{"ts":1711508421765,"action":"IDE_ACTIVATED"}
{"ts":1711508422417,"action":"FILE_CLOSED","file":"/app/src/main/java/com/crow/learn/compose/MainActivity.kt","tags":{"FILE_LINE_OF_CODE":"49"}}
{"ts":1711508422417,"action":"FILE_OPENED","file":"/app/src/main/res/values/themes.xml","tags":{"FILE_LINE_OF_CODE":"13"}}
{"ts":1711508422916,"action":"FILE_CLOSED","file":"/app/src/main/res/values/themes.xml","tags":{"FILE_LINE_OF_CODE":"13"}}
{"ts":1711508422916,"action":"FILE_OPENED","file":"/app/src/main/java/com/crow/learn/compose/MainActivity.kt","tags":{"FILE_LINE_OF_CODE":"49"}}
{"ts":1711508538259,"action":"IDE_DEACTIVATED"}
{"ts":1711508572025,"action":"IDE_ACTIVATED"}
{"ts":1711508578836,"action":"IDE_DEACTIVATED"}
{"ts":1711508580399,"action":"IDE_ACTIVATED"}
{"ts":1711508597884,"action":"IDE_DEACTIVATED"}
{"ts":1711508598505,"action":"IDE_ACTIVATED"}
{"ts":1711508605067,"action":"IDE_DEACTIVATED"}
{"ts":1711508606254,"action":"IDE_ACTIVATED"}
{"ts":1711508620892,"action":"IDE_DEACTIVATED"}
{"ts":1711508621793,"action":"IDE_ACTIVATED"}
{"ts":1711508627554,"action":"IDE_DEACTIVATED"}
{"ts":1711508635117,"action":"IDE_ACTIVATED"}
{"ts":1711508639746,"action":"IDE_DEACTIVATED"}
{"ts":1711508640255,"action":"IDE_ACTIVATED"}
{"ts":1711508641141,"action":"IDE_DEACTIVATED"}
{"ts":1711509448851,"action":"IDE_ACTIVATED"}
{"ts":1711509796645,"action":"IDE_DEACTIVATED"}
{"ts":1711509821354,"action":"IDE_ACTIVATED"}
{"ts":1711509875665,"action":"IDE_DEACTIVATED"}
{"ts":1711509876020,"action":"IDE_ACTIVATED"}
{"ts":1711510003694,"action":"IDE_DEACTIVATED"}
{"ts":1711510004551,"action":"IDE_ACTIVATED"}
{"ts":1711510004691,"action":"IDE_DEACTIVATED"}
{"ts":1711510018551,"action":"IDE_ACTIVATED"}
{"ts":1711510098407,"action":"IDE_DEACTIVATED"}
{"ts":1711510187521,"action":"IDE_ACTIVATED"}
{"ts":1711510187563,"action":"IDE_DEACTIVATED"}
{"ts":1711510220586,"action":"IDE_ACTIVATED"}
{"ts":1711510321922,"action":"IDE_DEACTIVATED"}
{"ts":1711510322440,"action":"IDE_ACTIVATED"}
{"ts":1711510434555,"action":"IDE_DEACTIVATED"}
{"ts":1711510451619,"action":"IDE_ACTIVATED"}
{"ts":1711510576365,"action":"IDE_DEACTIVATED"}
{"ts":1711510608874,"action":"IDE_ACTIVATED"}
{"ts":1711510625763,"action":"IDE_DEACTIVATED"}
{"ts":1711510686043,"action":"IDE_ACTIVATED"}
{"ts":1711510744619,"action":"IDE_DEACTIVATED"}
{"ts":1711510798639,"action":"IDE_ACTIVATED"}
{"ts":1711510804892,"action":"IDE_DEACTIVATED"}
{"ts":1711510899701,"action":"IDE_ACTIVATED"}
{"ts":1711510900738,"action":"IDE_DEACTIVATED"}
{"ts":1711510911525,"action":"IDE_ACTIVATED"}
{"ts":1711511085113,"action":"IDE_DEACTIVATED"}
{"ts":1711511143052,"action":"IDE_ACTIVATED"}
{"ts":1711511210650,"action":"IDE_DEACTIVATED"}
{"ts":1711511211420,"action":"IDE_ACTIVATED"}
{"ts":1711511247088,"action":"IDE_DEACTIVATED"}
{"ts":1711511249840,"action":"IDE_ACTIVATED"}
{"ts":1711511266143,"action":"IDE_DEACTIVATED"}
{"ts":1711511269061,"action":"IDE_ACTIVATED"}
{"ts":1711511276185,"action":"IDE_DEACTIVATED"}
{"ts":1711511280292,"action":"IDE_ACTIVATED"}
{"ts":1711511288303,"action":"IDE_DEACTIVATED"}
{"ts":1711511289539,"action":"IDE_ACTIVATED"}
{"ts":1711511298233,"action":"IDE_DEACTIVATED"}
{"ts":1711511301639,"action":"IDE_ACTIVATED"}
{"ts":1711511305430,"action":"IDE_DEACTIVATED"}
{"ts":1711511310216,"action":"IDE_ACTIVATED"}
{"ts":1711511311249,"action":"IDE_DEACTIVATED"}
{"ts":1711511312284,"action":"IDE_ACTIVATED"}
{"ts":1711511315961,"action":"IDE_DEACTIVATED"}
{"ts":1711511318458,"action":"IDE_ACTIVATED"}
{"ts":1711511328016,"action":"IDE_DEACTIVATED"}
{"ts":1711511334005,"action":"IDE_ACTIVATED"}
{"ts":1711511337330,"action":"IDE_DEACTIVATED"}
{"ts":1711511337759,"action":"IDE_ACTIVATED"}
{"ts":1711511342976,"action":"IDE_DEACTIVATED"}
{"ts":1711511350987,"action":"IDE_ACTIVATED"}
{"ts":1711511367583,"action":"IDE_DEACTIVATED"}
{"ts":1711511368139,"action":"IDE_ACTIVATED"}
{"ts":1711511368581,"action":"IDE_DEACTIVATED"}
{"ts":1711511370290,"action":"IDE_ACTIVATED"}
{"ts":1711511373673,"action":"IDE_DEACTIVATED"}
{"ts":1711511376368,"action":"IDE_ACTIVATED"}
{"ts":1711511401856,"action":"FILE_CLOSED","file":"/app/src/main/java/com/crow/learn/compose/MainActivity.kt","tags":{"FILE_LINE_OF_CODE":"117"}}
{"ts":1711511401856,"action":"FILE_OPENED","file":"/app/build.gradle.kts","tags":{"FILE_LINE_OF_CODE":"72"}}
{"ts":1711511405400,"action":"FILE_CLOSED","file":"/app/build.gradle.kts","tags":{"FILE_LINE_OF_CODE":"72"}}
{"ts":1711511405400,"action":"FILE_OPENED","file":"/gradle/libs.versions.toml","tags":{"FILE_LINE_OF_CODE":"34"}}
{"ts":1711511408367,"action":"FILE_CLOSED","file":"/gradle/libs.versions.toml","tags":{"FILE_LINE_OF_CODE":"34"}}
{"ts":1711511408367,"action":"FILE_OPENED","file":"/app/build.gradle.kts","tags":{"FILE_LINE_OF_CODE":"72"}}
{"ts":1711511413423,"action":"FILE_CLOSED","file":"/app/build.gradle.kts","tags":{"FILE_LINE_OF_CODE":"72"}}
{"ts":1711511413423,"action":"FILE_OPENED","file":"/app/src/main/java/com/crow/learn/compose/MainActivity.kt","tags":{"FILE_LINE_OF_CODE":"117"}}
{"ts":1711511417380,"action":"IDE_DEACTIVATED"}
{"ts":1711511420214,"action":"IDE_ACTIVATED"}
{"ts":1711511428226,"action":"FILE_CLOSED","file":"/app/src/main/java/com/crow/learn/compose/MainActivity.kt","tags":{"FILE_LINE_OF_CODE":"117"}}
{"ts":1711511437679,"action":"FILE_OPENED","file":"/app/src/main/java/com/crow/learn/compose/MainActivity.kt","tags":{"FILE_LINE_OF_CODE":"117"}}
{"ts":1711511478824,"action":"IDE_DEACTIVATED"}
{"ts":1711517423333,"action":"IDE_ACTIVATED"}
{"ts":1711517425373,"action":"IDE_DEACTIVATED"}
{"ts":1711517690393,"action":"IDE_ACTIVATED"}
{"ts":1711517706944,"action":"IDE_DEACTIVATED"}
{"ts":1711517822434,"action":"IDE_ACTIVATED"}
{"ts":1711517826145,"action":"IDE_DEACTIVATED"}
{"ts":1711517826621,"action":"IDE_ACTIVATED"}
{"ts":1711517828066,"action":"IDE_DEACTIVATED"}
{"ts":1711521798341,"action":"IDE_ACTIVATED"}
{"ts":1711521798965,"action":"IDE_DEACTIVATED"}
{"ts":1711522452562,"action":"IDE_ACTIVATED"}
{"ts":1711522453001,"action":"IDE_DEACTIVATED"}
{"ts":1711522557675,"action":"IDE_ACTIVATED"}
{"ts":1711522563232,"action":"IDE_DEACTIVATED"}
{"ts":1711523774754,"action":"IDE_ACTIVATED"}
{"ts":1711523775415,"action":"IDE_DEACTIVATED"}
{"ts":1711523789897,"action":"IDE_ACTIVATED"}
{"ts":1711523792254,"action":"IDE_DEACTIVATED"}
{"ts":1711523815025,"action":"IDE_ACTIVATED"}
{"ts":1711523816205,"action":"IDE_DEACTIVATED"}
{"ts":1711524562248,"action":"IDE_ACTIVATED"}
{"ts":1711524562426,"action":"IDE_DEACTIVATED"}
{"ts":1711524714726,"action":"IDE_ACTIVATED"}
{"ts":1711524715331,"action":"IDE_DEACTIVATED"}
{"ts":1711525093794,"action":"IDE_ACTIVATED"}
{"ts":1711525135643,"action":"IDE_DEACTIVATED"}
{"ts":1711525135735,"action":"IDE_ACTIVATED"}
{"ts":1711525141496,"action":"IDE_DEACTIVATED"}
{"ts":1711525592109,"action":"IDE_ACTIVATED"}
{"ts":1711525623906,"action":"IDE_DEACTIVATED"}
{"ts":1711527956792,"action":"IDE_ACTIVATED"}
{"ts":1711527958593,"action":"IDE_DEACTIVATED"}
{"ts":1711527958723,"action":"IDE_ACTIVATED"}
{"ts":1711527963193,"action":"IDE_DEACTIVATED"}
{"ts":1711528409302,"action":"IDE_ACTIVATED"}
{"ts":1711528410074,"action":"IDE_DEACTIVATED"}
{"ts":1711528410877,"action":"IDE_ACTIVATED"}
{"ts":1711528412222,"action":"IDE_DEACTIVATED"}
{"ts":1711528452874,"action":"IDE_ACTIVATED"}
{"ts":1711528456854,"action":"IDE_DEACTIVATED"}
{"ts":1711528464542,"action":"IDE_ACTIVATED"}
{"ts":1711528465190,"action":"IDE_DEACTIVATED"}
{"ts":1711529326663,"action":"IDE_ACTIVATED"}
{"ts":1711529334395,"action":"IDE_DEACTIVATED"}
{"ts":1711529334398,"action":"IDE_ACTIVATED"}
{"ts":1711529334576,"action":"IDE_DEACTIVATED"}
{"ts":1711529334770,"action":"IDE_ACTIVATED"}
{"ts":1711529335604,"action":"IDE_DEACTIVATED"}
{"ts":1711529898004,"action":"IDE_ACTIVATED"}
{"ts":1711529898409,"action":"IDE_DEACTIVATED"}
{"ts":1711529915497,"action":"IDE_ACTIVATED"}
{"ts":1711529916074,"action":"IDE_DEACTIVATED"}
{"ts":1711531375297,"action":"IDE_ACTIVATED"}
{"ts":1711531377557,"action":"IDE_DEACTIVATED"}
{"ts":1711531384004,"action":"IDE_ACTIVATED"}
{"ts":1711531386917,"action":"FILE_CLOSED","file":"/app/src/main/java/com/crow/learn/compose/MainActivity.kt","tags":{"FILE_LINE_OF_CODE":"117"}}
{"ts":1711531386917,"action":"FILE_OPENED","file":"/app/build.gradle.kts","tags":{"FILE_LINE_OF_CODE":"72"}}
{"ts":1711531398634,"action":"IDE_DEACTIVATED"}
{"ts":1711532080434,"action":"IDE_ACTIVATED"}
{"ts":1711532080877,"action":"IDE_DEACTIVATED"}
{"ts":1711532483380,"action":"IDE_ACTIVATED"}
{"ts":1711532484267,"action":"IDE_DEACTIVATED"}
{"ts":1711532777870,"action":"IDE_ACTIVATED"}
{"ts":1711532778448,"action":"IDE_DEACTIVATED"}
{"ts":1711532799493,"action":"IDE_ACTIVATED"}
{"ts":1711532799907,"action":"IDE_DEACTIVATED"}
{"ts":1711532830261,"action":"IDE_ACTIVATED"}
{"ts":1711532831794,"action":"IDE_DEACTIVATED"}
{"ts":1711532832324,"action":"IDE_ACTIVATED"}
{"ts":1711532833145,"action":"IDE_DEACTIVATED"}
{"ts":1711532833755,"action":"IDE_ACTIVATED"}
{"ts":1711532848720,"action":"IDE_DEACTIVATED"}
{"ts":1711532868629,"action":"IDE_ACTIVATED"}
{"ts":1711532869081,"action":"IDE_DEACTIVATED"}
{"ts":1711532905523,"action":"IDE_ACTIVATED"}
{"ts":1711532911225,"action":"IDE_DEACTIVATED"}
{"ts":1711532912404,"action":"IDE_ACTIVATED"}
{"ts":1711532913325,"action":"FILE_CLOSED","file":"/app/build.gradle.kts","tags":{"FILE_LINE_OF_CODE":"72"}}
{"ts":1711532913325,"action":"FILE_OPENED","file":"/app/src/main/java/com/crow/learn/compose/MainActivity.kt","tags":{"FILE_LINE_OF_CODE":"117"}}
{"ts":1711532966177,"action":"IDE_DEACTIVATED"}
{"ts":1711534252673,"action":"IDE_ACTIVATED"}
{"ts":1711534256971,"action":"IDE_DEACTIVATED"}
{"ts":1711534442251,"action":"IDE_ACTIVATED"}
{"ts":1711534452687,"action":"IDE_DEACTIVATED"}
{"ts":1711534453205,"action":"IDE_ACTIVATED"}
{"ts":1711534533958,"action":"IDE_DEACTIVATED"}
{"ts":1711534579772,"action":"IDE_ACTIVATED"}
{"ts":1711534608854,"action":"IDE_DEACTIVATED"}
{"ts":1711534609591,"action":"IDE_ACTIVATED"}
{"ts":1711534609798,"action":"IDE_DEACTIVATED"}
{"ts":1711534615058,"action":"IDE_ACTIVATED"}
{"ts":1711534615374,"action":"IDE_DEACTIVATED"}
{"ts":1711534622513,"action":"IDE_ACTIVATED"}
{"ts":1711534632746,"action":"IDE_DEACTIVATED"}
{"ts":1711534633540,"action":"IDE_ACTIVATED"}
{"ts":1711534633860,"action":"IDE_DEACTIVATED"}
{"ts":1711534647964,"action":"IDE_ACTIVATED"}
{"ts":1711534649009,"action":"FILE_CLOSED","file":"/app/src/main/java/com/crow/learn/compose/MainActivity.kt","tags":{"FILE_LINE_OF_CODE":"118"}}
{"ts":1711534650805,"action":"FILE_OPENED","file":"/app/src/main/java/com/crow/learn/compose/MainActivity.kt","tags":{"FILE_LINE_OF_CODE":"118"}}
{"ts":1711534659341,"action":"IDE_DEACTIVATED"}
{"ts":1711534662495,"action":"IDE_ACTIVATED"}
{"ts":1711534674936,"action":"IDE_DEACTIVATED"}
{"ts":1711534683063,"action":"IDE_ACTIVATED"}
{"ts":1711534687819,"action":"IDE_DEACTIVATED"}
{"ts":1711534697973,"action":"IDE_ACTIVATED"}
{"ts":1711534701858,"action":"IDE_DEACTIVATED"}
{"ts":1711534706598,"action":"IDE_ACTIVATED"}
{"ts":1711534729265,"action":"IDE_DEACTIVATED"}
{"ts":1711534790993,"action":"IDE_ACTIVATED"}
{"ts":1711534791483,"action":"IDE_DEACTIVATED"}
{"ts":1711534802368,"action":"IDE_ACTIVATED"}
{"ts":1711534807610,"action":"FILE_CLOSED","file":"/app/src/main/java/com/crow/learn/compose/MainActivity.kt","tags":{"FILE_LINE_OF_CODE":"121"}}
{"ts":1711534820442,"action":"FILE_OPENED","file":"/app/src/main/java/com/crow/learn/compose/MainActivity.kt","tags":{"FILE_LINE_OF_CODE":"121"}}
{"ts":1711534906027,"action":"IDE_DEACTIVATED"}
{"ts":1711534937006,"action":"IDE_ACTIVATED"}
{"ts":1711534948603,"action":"IDE_DEACTIVATED"}
{"ts":1711534949496,"action":"IDE_ACTIVATED"}
{"ts":1711534956331,"action":"IDE_DEACTIVATED"}
{"ts":1711534958163,"action":"IDE_ACTIVATED"}
{"ts":1711534968402,"action":"IDE_DEACTIVATED"}
{"ts":1711535836363,"action":"IDE_ACTIVATED"}
{"ts":1711535839070,"action":"IDE_DEACTIVATED"}
{"ts":1711603298975,"action":"IDE_ACTIVATED"}
{"ts":1711603302161,"action":"IDE_DEACTIVATED"}
{"ts":1711603303133,"action":"PROJECT_CLOSED","tags":{"PROJECT_NAME":"AndroidComposeLearn"}}
{"ts":1711680179200,"action":"FILE_OPENED","file":"/app/src/main/java/com/crow/learn/compose/MainActivity.kt","tags":{"FILE_LINE_OF_CODE":"120"}}
{"ts":1711680181198,"action":"PROJECT_OPENED","tags":{"PROJECT_NAME":"AndroidComposeLearn"}}
{"ts":1711680257045,"action":"IDE_DEACTIVATED"}
{"ts":1711680324457,"action":"IDE_ACTIVATED"}
{"ts":1711680330210,"action":"IDE_DEACTIVATED"}
{"ts":1711680365468,"action":"IDE_ACTIVATED"}
{"ts":1711680381767,"action":"IDE_DEACTIVATED"}
{"ts":1711680384125,"action":"IDE_ACTIVATED"}
{"ts":1711680384305,"action":"FILE_CLOSED","file":"/app/src/main/java/com/crow/learn/compose/MainActivity.kt","tags":{"FILE_LINE_OF_CODE":"120"}}
{"ts":1711680389281,"action":"IDE_DEACTIVATED"}
{"ts":1711680459342,"action":"IDE_ACTIVATED"}
{"ts":1711680461695,"action":"IDE_DEACTIVATED"}
{"ts":1711681019238,"action":"IDE_ACTIVATED"}
{"ts":1711681024182,"action":"FILE_OPENED","file":"/app/src/main/java/com/crow/learn/compose/MainActivity.kt","tags":{"FILE_LINE_OF_CODE":"120"}}
{"ts":1711681043919,"action":"IDE_DEACTIVATED"}
{"ts":1711681797567,"action":"IDE_ACTIVATED"}
{"ts":1711681801654,"action":"IDE_DEACTIVATED"}
{"ts":1711681854025,"action":"IDE_ACTIVATED"}
{"ts":1711681855399,"action":"IDE_DEACTIVATED"}
{"ts":1711681878668,"action":"IDE_ACTIVATED"}
{"ts":1711681879893,"action":"IDE_DEACTIVATED"}
{"ts":1711681889743,"action":"IDE_ACTIVATED"}
{"ts":1711681893810,"action":"FILE_CLOSED","file":"/app/src/main/java/com/crow/learn/compose/MainActivity.kt","tags":{"FILE_LINE_OF_CODE":"120"}}
{"ts":1711681893810,"action":"FILE_OPENED","file":"/app/src/main/java/com/crow/learn/compose/ui/theme/Theme.kt","tags":{"FILE_LINE_OF_CODE":"58"}}
{"ts":1711681904882,"action":"IDE_DEACTIVATED"}
{"ts":1711681939653,"action":"IDE_ACTIVATED"}
{"ts":1711681954569,"action":"FILE_CLOSED","file":"/app/src/main/java/com/crow/learn/compose/ui/theme/Theme.kt","tags":{"FILE_LINE_OF_CODE":"58"}}
{"ts":1711681954569,"action":"FILE_OPENED","file":"/app/src/main/java/com/crow/learn/compose/MainActivity.kt","tags":{"FILE_LINE_OF_CODE":"120"}}
{"ts":1711682003089,"action":"FILE_CLOSED","file":"/app/src/main/java/com/crow/learn/compose/MainActivity.kt","tags":{"FILE_LINE_OF_CODE":"120"}}
{"ts":1711682003089,"action":"FILE_OPENED","file":"/app/src/main/java/com/crow/learn/compose/ui/Splash.kt","tags":{"FILE_LINE_OF_CODE":"3"}}
{"ts":1711682028582,"action":"FILE_CLOSED","file":"/app/src/main/java/com/crow/learn/compose/ui/Splash.kt","tags":{"FILE_LINE_OF_CODE":"8"}}
{"ts":1711682028582,"action":"FILE_OPENED","file":"/app/src/main/java/com/crow/learn/compose/MainActivity.kt","tags":{"FILE_LINE_OF_CODE":"120"}}
{"ts":1711682042750,"action":"FILE_CLOSED","file":"/app/src/main/java/com/crow/learn/compose/MainActivity.kt","tags":{"FILE_LINE_OF_CODE":"65"}}
{"ts":1711682042750,"action":"FILE_OPENED","file":"/app/src/main/java/com/crow/learn/compose/ui/Splash.kt","tags":{"FILE_LINE_OF_CODE":"8"}}
{"ts":1711682053366,"action":"FILE_CLOSED","file":"/app/src/main/java/com/crow/learn/compose/ui/Splash.kt","tags":{"FILE_LINE_OF_CODE":"70"}}
{"ts":1711682055516,"action":"FILE_OPENED","file":"/app/src/main/java/com/crow/learn/compose/ui/Splash.kt","tags":{"FILE_LINE_OF_CODE":"70"}}
{"ts":1711682070529,"action":"IDE_DEACTIVATED"}
{"ts":1711682222602,"action":"IDE_ACTIVATED"}
{"ts":1711682225177,"action":"IDE_DEACTIVATED"}
{"ts":1711682227289,"action":"IDE_ACTIVATED"}
{"ts":1711682333222,"action":"FILE_CLOSED","file":"/app/src/main/java/com/crow/learn/compose/ui/Splash.kt","tags":{"FILE_LINE_OF_CODE":"60"}}
{"ts":1711682333222,"action":"FILE_OPENED","file":"/app/src/main/java/com/crow/learn/compose/MainActivity.kt","tags":{"FILE_LINE_OF_CODE":"65"}}
{"ts":1711682402352,"action":"IDE_DEACTIVATED"}
{"ts":1711682666255,"action":"IDE_ACTIVATED"}
{"ts":1711682667184,"action":"IDE_DEACTIVATED"}
{"ts":1711682671417,"action":"IDE_ACTIVATED"}
{"ts":1711682684965,"action":"FILE_CLOSED","file":"/app/src/main/java/com/crow/learn/compose/MainActivity.kt","tags":{"FILE_LINE_OF_CODE":"49"}}
{"ts":1711682684965,"action":"FILE_OPENED","file":"/gradle/compose.versions.toml","tags":{"FILE_LINE_OF_CODE":"38"}}
{"ts":1711682691792,"action":"IDE_DEACTIVATED"}
{"ts":1711682693546,"action":"IDE_ACTIVATED"}
{"ts":1711682701668,"action":"IDE_DEACTIVATED"}
{"ts":1711682702604,"action":"IDE_ACTIVATED"}
{"ts":1711682703017,"action":"IDE_DEACTIVATED"}
{"ts":1711682703854,"action":"IDE_ACTIVATED"}
{"ts":1711682730254,"action":"IDE_DEACTIVATED"}
{"ts":1711682731925,"action":"IDE_ACTIVATED"}
{"ts":1711682734925,"action":"IDE_DEACTIVATED"}
{"ts":1711682736010,"action":"IDE_ACTIVATED"}
{"ts":1711682742365,"action":"FILE_CLOSED","file":"/gradle/compose.versions.toml","tags":{"FILE_LINE_OF_CODE":"40"}}
{"ts":1711682744388,"action":"FILE_OPENED","file":"/gradle/compose.versions.toml","tags":{"FILE_LINE_OF_CODE":"40"}}
{"ts":1711682746172,"action":"IDE_DEACTIVATED"}
{"ts":1711683002452,"action":"IDE_ACTIVATED"}
{"ts":1711683003604,"action":"FILE_CLOSED","file":"/gradle/compose.versions.toml","tags":{"FILE_LINE_OF_CODE":"40"}}
{"ts":1711683003604,"action":"FILE_OPENED","file":"/app/src/main/java/com/crow/learn/compose/MainActivity.kt","tags":{"FILE_LINE_OF_CODE":"49"}}
{"ts":1711683018023,"action":"IDE_DEACTIVATED"}
{"ts":1711683018737,"action":"IDE_ACTIVATED"}
{"ts":1711683019651,"action":"IDE_DEACTIVATED"}
{"ts":1711683024622,"action":"IDE_ACTIVATED"}
{"ts":1711683043362,"action":"IDE_DEACTIVATED"}
{"ts":1711683045336,"action":"IDE_ACTIVATED"}
{"ts":1711683046488,"action":"IDE_DEACTIVATED"}
{"ts":1711683048000,"action":"IDE_ACTIVATED"}
{"ts":1711683063385,"action":"IDE_DEACTIVATED"}
{"ts":1711683079034,"action":"IDE_ACTIVATED"}
{"ts":1711683083919,"action":"IDE_DEACTIVATED"}
{"ts":1711683084706,"action":"IDE_ACTIVATED"}
{"ts":1711683085299,"action":"IDE_DEACTIVATED"}
{"ts":1711683088000,"action":"IDE_ACTIVATED"}
{"ts":1711683102118,"action":"IDE_DEACTIVATED"}
{"ts":1711683140784,"action":"IDE_ACTIVATED"}
{"ts":1711683141831,"action":"IDE_DEACTIVATED"}
{"ts":1711683147188,"action":"IDE_ACTIVATED"}
{"ts":1711683155199,"action":"IDE_DEACTIVATED"}
{"ts":1711683156800,"action":"IDE_ACTIVATED"}
{"ts":1711683158433,"action":"IDE_DEACTIVATED"}
{"ts":1711683219053,"action":"IDE_ACTIVATED"}
{"ts":1711683291751,"action":"IDE_DEACTIVATED"}
{"ts":1711683385195,"action":"IDE_ACTIVATED"}
{"ts":1711683423608,"action":"IDE_DEACTIVATED"}
{"ts":1711683425412,"action":"IDE_ACTIVATED"}
{"ts":1711683509976,"action":"IDE_DEACTIVATED"}
{"ts":1711683554799,"action":"IDE_ACTIVATED"}
{"ts":1711683575777,"action":"FILE_CLOSED","file":"/app/src/main/java/com/crow/learn/compose/MainActivity.kt","tags":{"FILE_LINE_OF_CODE":"117"}}
{"ts":1711683575777,"action":"FILE_OPENED","file":"/app/build.gradle.kts","tags":{"FILE_LINE_OF_CODE":"72"}}
{"ts":1711683601208,"action":"FILE_CLOSED","file":"/app/build.gradle.kts","tags":{"FILE_LINE_OF_CODE":"73"}}
{"ts":1711683601208,"action":"FILE_OPENED","file":"/app/src/main/java/com/crow/learn/compose/MainActivity.kt","tags":{"FILE_LINE_OF_CODE":"117"}}
{"ts":1711683602035,"action":"FILE_CLOSED","file":"/app/src/main/java/com/crow/learn/compose/MainActivity.kt","tags":{"FILE_LINE_OF_CODE":"117"}}
{"ts":1711683602035,"action":"FILE_OPENED","file":"/app/build.gradle.kts","tags":{"FILE_LINE_OF_CODE":"73"}}
{"ts":1711683603125,"action":"FILE_CLOSED","file":"/app/build.gradle.kts","tags":{"FILE_LINE_OF_CODE":"73"}}
{"ts":1711683603125,"action":"FILE_OPENED","file":"/app/src/main/java/com/crow/learn/compose/MainActivity.kt","tags":{"FILE_LINE_OF_CODE":"117"}}
{"ts":1711683603894,"action":"FILE_CLOSED","file":"/app/src/main/java/com/crow/learn/compose/MainActivity.kt","tags":{"FILE_LINE_OF_CODE":"117"}}
{"ts":1711683603894,"action":"FILE_OPENED","file":"/app/build.gradle.kts","tags":{"FILE_LINE_OF_CODE":"73"}}
{"ts":1711683604433,"action":"FILE_CLOSED","file":"/app/build.gradle.kts","tags":{"FILE_LINE_OF_CODE":"73"}}
{"ts":1711683604433,"action":"FILE_OPENED","file":"/app/src/main/java/com/crow/learn/compose/MainActivity.kt","tags":{"FILE_LINE_OF_CODE":"117"}}
{"ts":1711683604843,"action":"FILE_CLOSED","file":"/app/src/main/java/com/crow/learn/compose/MainActivity.kt","tags":{"FILE_LINE_OF_CODE":"117"}}
{"ts":1711683604843,"action":"FILE_OPENED","file":"/app/build.gradle.kts","tags":{"FILE_LINE_OF_CODE":"73"}}
{"ts":1711683605260,"action":"FILE_CLOSED","file":"/app/build.gradle.kts","tags":{"FILE_LINE_OF_CODE":"73"}}
{"ts":1711683605260,"action":"FILE_OPENED","file":"/app/src/main/java/com/crow/learn/compose/MainActivity.kt","tags":{"FILE_LINE_OF_CODE":"117"}}
{"ts":1711683636031,"action":"IDE_DEACTIVATED"}
{"ts":1711683637794,"action":"IDE_ACTIVATED"}
{"ts":1711683641472,"action":"IDE_DEACTIVATED"}
{"ts":1711683747456,"action":"IDE_ACTIVATED"}
{"ts":1711683835373,"action":"IDE_DEACTIVATED"}
{"ts":1711683836098,"action":"IDE_ACTIVATED"}
{"ts":1711683836372,"action":"IDE_DEACTIVATED"}
{"ts":1711683857497,"action":"IDE_ACTIVATED"}
{"ts":1711683858145,"action":"IDE_DEACTIVATED"}
{"ts":1711683861689,"action":"IDE_ACTIVATED"}
{"ts":1711683862658,"action":"IDE_DEACTIVATED"}
{"ts":1711683879404,"action":"IDE_ACTIVATED"}
{"ts":1711683916314,"action":"IDE_DEACTIVATED"}
{"ts":1711693526078,"action":"IDE_ACTIVATED"}
{"ts":1711693526711,"action":"IDE_DEACTIVATED"}
{"ts":1711702696766,"action":"IDE_ACTIVATED"}
{"ts":1711702697336,"action":"IDE_DEACTIVATED"}
{"ts":1711702796870,"action":"IDE_ACTIVATED"}
{"ts":1711702797337,"action":"IDE_DEACTIVATED"}
{"ts":1711702853809,"action":"IDE_ACTIVATED"}
{"ts":1711702890597,"action":"IDE_DEACTIVATED"}
{"ts":1711702890613,"action":"IDE_ACTIVATED"}
{"ts":1711702893075,"action":"IDE_DEACTIVATED"}
{"ts":1711702893130,"action":"IDE_ACTIVATED"}
{"ts":1711702898186,"action":"IDE_DEACTIVATED"}
{"ts":1711702898244,"action":"IDE_ACTIVATED"}
{"ts":1711702899465,"action":"IDE_DEACTIVATED"}
{"ts":1711702899577,"action":"IDE_ACTIVATED"}
{"ts":1711702908176,"action":"IDE_DEACTIVATED"}
{"ts":1711702908323,"action":"IDE_ACTIVATED"}
{"ts":1711702909799,"action":"IDE_DEACTIVATED"}
{"ts":1711702909940,"action":"IDE_ACTIVATED"}
{"ts":1711702924726,"action":"IDE_DEACTIVATED"}
{"ts":1711703172480,"action":"IDE_ACTIVATED"}
{"ts":1711703173071,"action":"IDE_DEACTIVATED"}
{"ts":1711703307745,"action":"IDE_ACTIVATED"}
{"ts":1711703308379,"action":"IDE_DEACTIVATED"}
{"ts":1711706976599,"action":"IDE_ACTIVATED"}
{"ts":1711706977050,"action":"IDE_DEACTIVATED"}
{"ts":1711763168120,"action":"IDE_ACTIVATED"}
{"ts":1711763495195,"action":"IDE_DEACTIVATED"}
{"ts":1711763499210,"action":"IDE_ACTIVATED"}
{"ts":1711763500441,"action":"IDE_DEACTIVATED"}
{"ts":1711763542026,"action":"IDE_ACTIVATED"}
{"ts":1711763542370,"action":"IDE_DEACTIVATED"}
{"ts":1711763551247,"action":"IDE_ACTIVATED"}
{"ts":1711763551771,"action":"IDE_DEACTIVATED"}
{"ts":1711765450783,"action":"IDE_ACTIVATED"}
{"ts":1711765451309,"action":"IDE_DEACTIVATED"}
{"ts":1711765499536,"action":"IDE_ACTIVATED"}
{"ts":1711765500233,"action":"IDE_DEACTIVATED"}
{"ts":1711765505884,"action":"IDE_ACTIVATED"}
{"ts":1711765506209,"action":"IDE_DEACTIVATED"}
{"ts":1711765541961,"action":"IDE_ACTIVATED"}
{"ts":1711765543542,"action":"IDE_DEACTIVATED"}
{"ts":1711766201691,"action":"IDE_ACTIVATED"}
{"ts":1711766202919,"action":"IDE_DEACTIVATED"}
{"ts":1711766203885,"action":"IDE_ACTIVATED"}
{"ts":1711766222335,"action":"IDE_DEACTIVATED"}
{"ts":1711766389419,"action":"IDE_ACTIVATED"}
{"ts":1711766390159,"action":"IDE_DEACTIVATED"}
{"ts":1711766397077,"action":"IDE_ACTIVATED"}
{"ts":1711766399700,"action":"IDE_DEACTIVATED"}
{"ts":1711767468161,"action":"IDE_ACTIVATED"}
{"ts":1711767468454,"action":"IDE_DEACTIVATED"}
{"ts":1711767487276,"action":"IDE_ACTIVATED"}
{"ts":1711767487804,"action":"IDE_DEACTIVATED"}
{"ts":1711767589927,"action":"IDE_ACTIVATED"}
{"ts":1711767590691,"action":"IDE_DEACTIVATED"}
{"ts":1711768601654,"action":"IDE_ACTIVATED"}
{"ts":1711768601890,"action":"IDE_DEACTIVATED"}
{"ts":1711768612602,"action":"IDE_ACTIVATED"}
{"ts":1711768613395,"action":"IDE_DEACTIVATED"}
{"ts":1711768615070,"action":"IDE_ACTIVATED"}
{"ts":1711768616476,"action":"IDE_DEACTIVATED"}
{"ts":1711782348235,"action":"IDE_ACTIVATED"}
{"ts":1711782348766,"action":"IDE_DEACTIVATED"}
{"ts":1711782455839,"action":"IDE_ACTIVATED"}
{"ts":1711782456151,"action":"IDE_DEACTIVATED"}
{"ts":1711783050680,"action":"IDE_ACTIVATED"}
{"ts":1711783050980,"action":"IDE_DEACTIVATED"}
{"ts":1711785884005,"action":"IDE_ACTIVATED"}
{"ts":1711785884144,"action":"IDE_DEACTIVATED"}
{"ts":1711785997670,"action":"IDE_ACTIVATED"}
{"ts":1711785998479,"action":"IDE_DEACTIVATED"}
{"ts":1711786000012,"action":"IDE_ACTIVATED"}
{"ts":1711786006404,"action":"PROJECT_CLOSED","tags":{"PROJECT_NAME":"AndroidComposeLearn"}}
{"ts":1712020947383,"action":"FILE_OPENED","file":"/app/src/main/java/com/crow/learn/compose/MainActivity.kt","tags":{"FILE_LINE_OF_CODE":"121"}}
{"ts":1712020951374,"action":"PROJECT_OPENED","tags":{"PROJECT_NAME":"AndroidComposeLearn"}}
{"ts":1712021045464,"action":"IDE_DEACTIVATED"}
{"ts":1712021051481,"action":"IDE_ACTIVATED"}
{"ts":1712021062378,"action":"PROJECT_CLOSED","tags":{"PROJECT_NAME":"AndroidComposeLearn"}}
{"ts":1712124217942,"action":"FILE_OPENED","file":"/app/src/main/java/com/crow/learn/compose/MainActivity.kt","tags":{"FILE_LINE_OF_CODE":"121"}}
{"ts":1712124217958,"action":"PROJECT_OPENED","tags":{"PROJECT_NAME":"AndroidComposeLearn"}}
{"ts":1712124224695,"action":"FILE_CLOSED","file":"/app/src/main/java/com/crow/learn/compose/MainActivity.kt","tags":{"FILE_LINE_OF_CODE":"121"}}
{"ts":1712124224695,"action":"FILE_OPENED","file":"/app/src/main/java/com/crow/learn/compose/ui/Splash.kt","tags":{"FILE_LINE_OF_CODE":"60"}}
{"ts":1712124238709,"action":"IDE_DEACTIVATED"}
{"ts":1712124238811,"action":"IDE_ACTIVATED"}
{"ts":1712124307785,"action":"IDE_DEACTIVATED"}
{"ts":1712124307819,"action":"IDE_ACTIVATED"}
{"ts":1712124313351,"action":"IDE_DEACTIVATED"}
{"ts":1712124315285,"action":"IDE_ACTIVATED"}
{"ts":1712124393079,"action":"IDE_DEACTIVATED"}
{"ts":1712124393172,"action":"IDE_ACTIVATED"}
{"ts":1712124393816,"action":"PROJECT_CLOSED","tags":{"PROJECT_NAME":"AndroidComposeLearn"}}
{"ts":1712453666347,"action":"IDE_DEACTIVATED"}
{"ts":1712453670427,"action":"FILE_OPENED","file":"/app/src/main/java/com/crow/learn/compose/ui/Splash.kt","tags":{"FILE_LINE_OF_CODE":"60"}}
{"ts":1712453670965,"action":"PROJECT_OPENED","tags":{"PROJECT_NAME":"AndroidComposeLearn"}}
{"ts":1712453761397,"action":"IDE_ACTIVATED"}
{"ts":1712453775477,"action":"IDE_DEACTIVATED"}
{"ts":1712453775602,"action":"IDE_ACTIVATED"}
{"ts":1712453779864,"action":"IDE_DEACTIVATED"}
{"ts":1712453808718,"action":"IDE_ACTIVATED"}
{"ts":1712453813564,"action":"IDE_DEACTIVATED"}
{"ts":1712453814770,"action":"IDE_ACTIVATED"}
{"ts":1712453816559,"action":"IDE_DEACTIVATED"}
{"ts":1712453975399,"action":"IDE_ACTIVATED"}
{"ts":1712453977270,"action":"IDE_DEACTIVATED"}
{"ts":1712453977375,"action":"IDE_ACTIVATED"}
{"ts":1712453981323,"action":"PROJECT_CLOSED","tags":{"PROJECT_NAME":"AndroidComposeLearn"}}
{"ts":1713246115727,"action":"FILE_OPENED","file":"/app/src/main/java/com/crow/learn/compose/ui/Splash.kt","tags":{"FILE_LINE_OF_CODE":"60"}}
{"ts":1713246116413,"action":"PROJECT_OPENED","tags":{"PROJECT_NAME":"AndroidComposeLearn"}}
{"ts":1713246168407,"action":"IDE_DEACTIVATED"}
{"ts":1713246168541,"action":"IDE_ACTIVATED"}
{"ts":1713246171050,"action":"PROJECT_CLOSED","tags":{"PROJECT_NAME":"AndroidComposeLearn"}}
